2025-04-08 10:37:02,197: Login: INFO ************* Test_002 verifying home title**********
2025-04-08 10:37:04,778: Login: INFO ************* Getting Title =Welcome: Mercury Tours
2025-04-08 10:37:04,948: Login: INFO HomePageTitle Test Passed
2025-04-08 10:37:04,948: Login: ERROR HomePageTitle Test Failed
2025-04-08 10:37:05,145: Login: INFO ******* Ending Home Page Title Test **********
2025-04-08 10:37:07,097: Login: INFO ************* Providing Username**********
2025-04-08 10:37:07,203: Login: INFO ************* Providing Password**********
2025-04-08 10:37:08,540: Login: INFO ************* Getting Title =Login: Mercury Tours
2025-04-08 10:37:08,683: Login: INFO Login Test Passed
2025-04-08 10:37:08,683: Login: ERROR LoginPageTitle Test Failed
2025-04-08 10:37:08,812: Login: INFO ******* Ending Login Page Title Test **********
2025-04-08 10:43:32,859: Login: INFO ************* Test_001 verifying home title**********
2025-04-08 10:43:34,619: Login: INFO ************* Test_002 verifying home title**********
2025-04-08 10:43:35,047: Login: INFO ************* Getting Title =Welcome: Mercury Tours
2025-04-08 10:43:35,306: Login: INFO HomePageTitle Test Passed
2025-04-08 10:43:35,307: Login: ERROR HomePageTitle Test Failed
2025-04-08 10:43:35,563: Login: INFO ******* Ending Home Page Title Test **********
2025-04-08 10:43:38,133: Login: INFO ************* Providing Username**********
2025-04-08 10:43:38,318: Login: INFO ************* Providing Password**********
2025-04-08 10:43:39,990: Login: INFO ************* Getting Title =Login: Mercury Tours
2025-04-08 10:43:40,170: Login: INFO Login Test Passed
2025-04-08 10:43:40,170: Login: ERROR LoginPageTitle Test Failed
2025-04-08 10:43:40,468: Login: INFO ******* Ending Login Page Title Test **********
2025-04-08 10:44:42,704: Login: INFO ************* Test_001 verifying home title**********
2025-04-08 10:44:43,199: Login: INFO ************* Test_002 verifying home title**********
2025-04-08 10:44:44,392: Login: INFO ************* Getting Title =Welcome: Mercury Tours
2025-04-08 10:44:44,606: Login: INFO HomePageTitle Test Passed
2025-04-08 10:44:44,606: Login: ERROR HomePageTitle Test Failed
2025-04-08 10:44:45,027: Login: INFO ******* Ending Home Page Title Test **********
2025-04-08 10:44:47,146: Login: INFO ************* Providing Username**********
2025-04-08 10:44:47,305: Login: INFO ************* Providing Password**********
2025-04-08 10:44:48,595: Login: INFO ************* Getting Title =Login: Mercury Tours
2025-04-08 10:44:48,741: Login: INFO Login Test Passed
2025-04-08 10:44:48,741: Login: ERROR LoginPageTitle Test Failed
2025-04-08 10:44:48,906: Login: INFO ******* Ending Login Page Title Test **********
2025-04-08 11:13:37,983: Login: INFO ************* Test_002 verifying home title**********
2025-04-08 11:13:38,003: Login: INFO ************* Test_001 verifying home title**********
2025-04-08 11:13:40,798: Login: INFO ************* Getting Title =Welcome: Mercury Tours
2025-04-08 11:13:41,843: Login: INFO HomePageTitle Test Passed
2025-04-08 11:13:41,843: Login: ERROR HomePageTitle Test Failed
2025-04-08 11:13:43,412: Login: INFO ************* Providing Username**********
2025-04-08 11:13:43,679: Login: INFO ******* Ending Home Page Title Test **********
2025-04-08 11:13:44,047: Login: INFO ************* Providing Password**********
2025-04-08 11:13:46,125: Login: INFO ************* Getting Title =Login: Mercury Tours
2025-04-08 11:13:46,466: Login: INFO Login Test Passed
2025-04-08 11:13:46,467: Login: ERROR LoginPageTitle Test Failed
2025-04-08 11:13:47,073: Login: INFO ******* Ending Login Page Title Test **********
2025-04-08 11:20:14,476: Login: INFO ************* Test_002 verifying home title**********
2025-04-08 11:20:15,118: Login: INFO ************* Test_001 verifying home title**********
2025-04-08 11:20:22,173: Login: INFO ************* Providing Username**********
2025-04-08 11:20:22,965: Login: INFO ************* Providing Password**********
2025-04-08 11:20:25,422: Login: INFO ************* Getting Title =Welcome: Mercury Tours
2025-04-08 11:20:26,369: Login: INFO HomePageTitle Test Passed
2025-04-08 11:20:26,370: Login: ERROR HomePageTitle Test Failed
2025-04-08 11:20:26,786: Login: INFO ************* Getting Title =Login: Mercury Tours
2025-04-08 11:20:27,675: Login: INFO Login Test Passed
2025-04-08 11:20:27,675: Login: ERROR LoginPageTitle Test Failed
2025-04-08 11:20:30,004: Login: INFO ******* Ending Login Page Title Test **********
2025-04-08 11:20:30,431: Login: INFO ******* Ending Home Page Title Test **********
2025-04-08 11:22:15,261: Login: INFO ************* Test_001 verifying home title**********
2025-04-08 11:22:15,531: Login: INFO ************* Test_002 verifying home title**********
2025-04-08 11:22:17,804: Login: INFO ************* Getting Title =Welcome: Mercury Tours
2025-04-08 11:22:18,564: Login: INFO HomePageTitle Test Passed
2025-04-08 11:22:18,565: Login: ERROR HomePageTitle Test Failed
2025-04-08 11:22:18,939: Login: INFO ******* Ending Home Page Title Test **********
2025-04-08 11:22:19,886: Login: INFO ************* Providing Username**********
2025-04-08 11:22:20,108: Login: INFO ************* Providing Password**********
2025-04-08 11:22:21,608: Login: INFO ************* Getting Title =Login: Mercury Tours
2025-04-08 11:22:21,835: Login: INFO Login Test Passed
2025-04-08 11:22:21,835: Login: ERROR LoginPageTitle Test Failed
2025-04-08 11:22:22,159: Login: INFO ******* Ending Login Page Title Test **********
2025-04-08 11:23:30,577: Login: INFO ************* Test_002 verifying home title**********
2025-04-08 11:23:30,819: Login: INFO ************* Test_001 verifying home title**********
2025-04-08 11:23:33,633: Login: INFO ************* Getting Title =Welcome: Mercury Tours
2025-04-08 11:23:34,227: Login: INFO HomePageTitle Test Passed
2025-04-08 11:23:34,227: Login: ERROR HomePageTitle Test Failed
2025-04-08 11:23:34,468: Login: INFO ******* Ending Home Page Title Test **********
2025-04-08 11:23:36,134: Login: INFO ************* Providing Username**********
2025-04-08 11:23:36,337: Login: INFO ************* Providing Password**********
2025-04-08 11:23:38,390: Login: INFO ************* Getting Title =Login: Mercury Tours
2025-04-08 11:23:38,543: Login: INFO Login Test Passed
2025-04-08 11:23:38,544: Login: ERROR LoginPageTitle Test Failed
2025-04-08 11:23:38,670: Login: INFO ******* Ending Login Page Title Test **********
2025-04-08 11:24:41,227: Login: INFO ************* Test_002 verifying home title**********
2025-04-08 11:24:41,498: Login: INFO ************* Test_001 verifying home title**********
2025-04-08 11:24:44,644: Login: INFO ************* Getting Title =Welcome: Mercury Tours
2025-04-08 11:24:44,947: Login: INFO HomePageTitle Test Passed
2025-04-08 11:24:44,948: Login: ERROR HomePageTitle Test Failed
2025-04-08 11:24:45,195: Login: INFO ******* Ending Home Page Title Test **********
2025-04-08 11:24:46,127: Login: INFO ************* Providing Username**********
2025-04-08 11:24:46,292: Login: INFO ************* Providing Password**********
2025-04-08 11:24:47,966: Login: INFO ************* Getting Title =Login: Mercury Tours
2025-04-08 11:24:48,141: Login: INFO Login Test Passed
2025-04-08 11:24:48,141: Login: ERROR LoginPageTitle Test Failed
2025-04-08 11:24:48,366: Login: INFO ******* Ending Login Page Title Test **********
2025-04-08 11:38:22,431: Login: INFO ************* Test_001 verifying home title**********
2025-04-08 11:38:22,843: Login: INFO ************* Test_002 verifying home title**********
2025-04-08 11:38:26,377: Login: INFO ************* Getting Title =Welcome: Mercury Tours
2025-04-08 11:38:26,828: Login: INFO HomePageTitle Test Passed
2025-04-08 11:38:26,828: Login: ERROR HomePageTitle Test Failed
2025-04-08 11:38:27,058: Login: INFO ******* Ending Home Page Title Test **********
2025-04-08 11:38:27,943: Login: INFO ************* Providing Username**********
2025-04-08 11:38:28,256: Login: INFO ************* Providing Password**********
2025-04-08 11:38:30,392: Login: INFO ************* Getting Title =Login: Mercury Tours
2025-04-08 11:38:30,565: Login: INFO Login Test Passed
2025-04-08 11:38:30,565: Login: ERROR LoginPageTitle Test Failed
2025-04-08 11:38:30,815: Login: INFO ******* Ending Login Page Title Test **********
2025-04-08 11:42:02,752: Login: INFO ************* Test_001 verifying home title**********
2025-04-08 11:42:02,753: Login: INFO ************* Test_002 verifying home title**********
2025-04-08 11:42:05,661: Login: INFO ************* Getting Title =Welcome: Mercury Tours
2025-04-08 11:42:05,897: Login: INFO HomePageTitle Test Passed
2025-04-08 11:42:05,897: Login: ERROR HomePageTitle Test Failed
2025-04-08 11:42:06,245: Login: INFO ******* Ending Home Page Title Test **********
2025-04-08 11:42:08,040: Login: INFO ************* Providing Username**********
2025-04-08 11:42:08,148: Login: INFO ************* Providing Password**********
2025-04-08 11:42:08,291: Login: INFO ************* Getting Title =Welcome: Mercury Tours
2025-04-08 11:43:29,217: Login: INFO ************* Test_001 verifying home title**********
2025-04-08 11:43:29,335: Login: INFO ************* Test_002 verifying home title**********
2025-04-08 11:43:31,090: Login: INFO ************* Getting Title =Welcome: Mercury Tours
2025-04-08 11:43:31,310: Login: INFO HomePageTitle Test Passed
2025-04-08 11:43:31,310: Login: ERROR HomePageTitle Test Failed
2025-04-08 11:43:31,488: Login: INFO ******* Ending Home Page Title Test **********
2025-04-08 11:43:33,470: Login: INFO ************* Providing Username**********
2025-04-08 11:43:33,660: Login: INFO ************* Providing Password**********
2025-04-08 11:43:35,289: Login: INFO ************* Getting Title =Login: Mercury Tours
2025-04-08 11:43:35,432: Login: INFO Login Test Passed
2025-04-08 11:43:35,432: Login: ERROR LoginPageTitle Test Failed
2025-04-08 11:43:35,588: Login: INFO ******* Ending Login Page Title Test **********
2025-04-08 11:49:11,275: Login: INFO ************* Test_001 verifying home title**********
2025-04-08 11:49:11,424: Login: INFO ************* Test_002 verifying home title**********
2025-04-08 11:49:13,109: Login: INFO ************* Getting Title =Welcome: Mercury Tours
2025-04-08 11:49:13,315: Login: INFO HomePageTitle Test Passed
2025-04-08 11:49:13,315: Login: ERROR HomePageTitle Test Failed
2025-04-08 11:49:13,430: Login: INFO ******* Ending Home Page Title Test **********
2025-04-08 11:49:17,577: Login: INFO ************* Providing Username**********
2025-04-08 11:49:17,688: Login: INFO ************* Providing Password**********
2025-04-08 11:49:19,279: Login: INFO ************* Getting Title =Login: Mercury Tours
2025-04-08 11:49:19,405: Login: INFO Login Test Passed
2025-04-08 11:49:19,405: Login: ERROR LoginPageTitle Test Failed
2025-04-08 11:49:19,554: Login: INFO ******* Ending Login Page Title Test **********
2025-04-08 11:50:56,672: Login: INFO ************* Test_001 verifying home title**********
2025-04-08 11:50:56,695: Login: INFO ************* Test_002 verifying home title**********
2025-04-08 11:50:58,233: Login: INFO ************* Getting Title =Welcome: Mercury Tours
2025-04-08 11:50:58,459: Login: INFO HomePageTitle Test Passed
2025-04-08 11:50:58,459: Login: ERROR HomePageTitle Test Failed
2025-04-08 11:50:58,585: Login: INFO ******* Ending Home Page Title Test **********
2025-04-08 11:51:00,342: Login: INFO ************* Providing Username**********
2025-04-08 11:51:00,492: Login: INFO ************* Providing Password**********
2025-04-08 11:51:02,064: Login: INFO ************* Getting Title =Login: Mercury Tours
2025-04-08 11:51:02,198: Login: INFO Login Test Passed
2025-04-08 11:51:02,198: Login: ERROR LoginPageTitle Test Failed
2025-04-08 11:51:02,348: Login: INFO ******* Ending Login Page Title Test **********
2025-04-08 12:37:38,281: Login: INFO ************* Test_001 verifying home title**********
2025-04-08 12:37:38,317: Login: INFO ************* Test_002 verifying home title**********
2025-04-08 12:37:42,189: Login: INFO ************* Getting Title =Welcome: Mercury Tours
2025-04-08 12:37:42,282: Login: INFO ************* Providing Username**********
2025-04-08 12:37:42,388: Login: INFO HomePageTitle Test Passed
2025-04-08 12:37:42,389: Login: ERROR HomePageTitle Test Failed
2025-04-08 12:37:42,438: Login: INFO ************* Providing Password**********
2025-04-08 12:37:42,587: Login: INFO ******* Ending Home Page Title Test **********
2025-04-08 12:37:44,312: Login: INFO ************* Getting Title =Login: Mercury Tours
2025-04-08 12:37:44,496: Login: INFO Login Test Passed
2025-04-08 12:37:44,496: Login: ERROR LoginPageTitle Test Failed
2025-04-08 12:37:44,662: Login: INFO ******* Ending Login Page Title Test **********
2025-04-08 12:40:40,481: Login: INFO ************* Test_001 verifying home title**********
2025-04-08 12:40:40,723: Login: INFO ************* Test_002 verifying home title**********
2025-04-08 12:40:42,058: Login: INFO ************* Getting Title =Welcome: Mercury Tours
2025-04-08 12:40:42,236: Login: INFO HomePageTitle Test Passed
2025-04-08 12:40:42,236: Login: ERROR HomePageTitle Test Failed
2025-04-08 12:40:42,430: Login: INFO ******* Ending Home Page Title Test **********
2025-04-08 12:40:43,913: Login: INFO ************* Test_003 verifying Login title**********
2025-04-08 12:40:44,531: Login: INFO ************* Providing Username**********
2025-04-08 12:40:44,678: Login: INFO ************* Providing Password**********
2025-04-08 12:40:46,331: Login: INFO ************* Getting Title =Welcome: Mercury Tours
2025-04-08 12:40:47,557: Login: INFO ************* Providing Username**********
2025-04-08 12:40:47,753: Login: INFO ************* Providing Password**********
2025-04-08 12:40:48,859: Login: INFO ************* Getting Title =Login: Mercury Tours
2025-04-08 12:40:48,860: Login: INFO Login Test Passed
2025-04-08 12:40:49,149: Login: INFO ******* Ending Login Page Title Test **********
2025-04-08 12:40:49,165: Login: INFO ************* Test_003 verifying Login title**********
2025-04-08 12:41:05,580: Login: INFO ************* Test_001 verifying home title**********
2025-04-08 12:41:05,711: Login: INFO ************* Test_002 verifying home title**********
2025-04-08 12:41:09,300: Login: INFO ************* Getting Title =Welcome: Mercury Tours
2025-04-08 12:41:09,466: Login: INFO HomePageTitle Test Passed
2025-04-08 12:41:09,467: Login: ERROR HomePageTitle Test Failed
2025-04-08 12:41:09,603: Login: INFO ******* Ending Home Page Title Test **********
2025-04-08 12:41:10,971: Login: INFO ************* Test_003 verifying Login title**********
2025-04-08 12:41:11,142: Login: INFO ************* Providing Username**********
2025-04-08 12:41:11,319: Login: INFO ************* Providing Password**********
2025-04-08 12:41:12,922: Login: INFO ************* Getting Title =Login: Mercury Tours
2025-04-08 12:41:13,089: Login: INFO Login Test Passed
2025-04-08 12:41:13,089: Login: ERROR LoginPageTitle Test Failed
2025-04-08 12:41:13,189: Login: INFO ******* Ending Login Page Title Test **********
2025-04-08 12:41:15,291: Login: INFO ************* Providing Username**********
2025-04-08 12:41:15,405: Login: INFO ************* Providing Password**********
2025-04-08 12:41:16,623: Login: INFO ************* Getting Title =Login: Mercury Tours
2025-04-08 12:41:16,623: Login: INFO Login Test Passed
2025-04-08 12:41:16,906: Login: INFO ******* Ending Login Page Title Test **********
2025-04-08 12:41:16,929: Login: INFO ************* Test_003 verifying Login title**********
2025-04-08 12:42:34,505: Login: INFO ************* Test_001 verifying home title**********
2025-04-08 12:42:34,577: Login: INFO ************* Test_002 verifying home title**********
2025-04-08 12:42:36,249: Login: INFO ************* Getting Title =Welcome: Mercury Tours
2025-04-08 12:42:36,436: Login: INFO HomePageTitle Test Passed
2025-04-08 12:42:36,436: Login: ERROR HomePageTitle Test Failed
2025-04-08 12:42:36,560: Login: INFO ******* Ending Home Page Title Test **********
2025-04-08 12:42:37,996: Login: INFO ************* Test_003 verifying Login title**********
2025-04-08 12:42:38,540: Login: INFO ************* Providing Username**********
2025-04-08 12:42:38,858: Login: INFO ************* Providing Password**********
2025-04-08 12:42:41,072: Login: INFO ************* Getting Title =Login: Mercury Tours
2025-04-08 12:42:41,546: Login: INFO Login Test Passed
2025-04-08 12:42:41,546: Login: ERROR LoginPageTitle Test Failed
2025-04-08 12:42:41,855: Login: INFO ******* Ending Login Page Title Test **********
2025-04-08 12:42:42,513: Login: INFO ************* Providing Username**********
2025-04-08 12:42:42,763: Login: INFO ************* Providing Password**********
2025-04-08 12:42:43,944: Login: INFO ************* Getting Title =Login: Mercury Tours
2025-04-08 12:42:43,944: Login: INFO Login Test Passed
2025-04-08 12:42:44,358: Login: INFO ******* Ending Login Page Title Test **********
2025-04-08 12:42:44,398: Login: INFO ************* Test_003 verifying Login title**********
2025-04-08 12:49:08,465: Login: INFO ************* Test_001 verifying home title**********
2025-04-08 12:49:08,480: Login: INFO ************* Test_002 verifying home title**********
2025-04-08 12:49:10,214: Login: INFO ************* Getting Title =Welcome: Mercury Tours
2025-04-08 12:49:10,409: Login: INFO HomePageTitle Test Passed
2025-04-08 12:49:10,409: Login: ERROR HomePageTitle Test Failed
2025-04-08 12:49:10,498: Login: INFO ******* Ending Home Page Title Test **********
2025-04-08 12:49:12,209: Login: INFO ************* Providing Username**********
2025-04-08 12:49:12,359: Login: INFO ************* Providing Password**********
2025-04-08 12:49:13,537: Login: INFO ************* Getting Title =Login: Mercury Tours
2025-04-08 12:49:13,717: Login: INFO Login Test Passed
2025-04-08 12:49:13,718: Login: ERROR LoginPageTitle Test Failed
2025-04-08 12:49:13,830: Login: INFO ******* Ending Login Page Title Test **********
2025-04-08 12:49:57,441: Login: INFO ************* Test_002 verifying home title**********
2025-04-08 12:49:57,552: Login: INFO ************* Test_001 verifying home title**********
2025-04-08 12:49:59,221: Login: INFO ************* Getting Title =Welcome: Mercury Tours
2025-04-08 12:49:59,361: Login: INFO HomePageTitle Test Passed
2025-04-08 12:49:59,361: Login: ERROR HomePageTitle Test Failed
2025-04-08 12:49:59,472: Login: INFO ******* Ending Home Page Title Test **********
2025-04-08 12:50:00,816: Login: INFO ************* Test_003 verifying Login title**********
2025-04-08 12:50:01,120: Login: INFO ************* Providing Username**********
2025-04-08 12:50:01,269: Login: INFO ************* Providing Password**********
2025-04-08 12:50:02,324: Login: INFO ************* Getting Title =Login: Mercury Tours
2025-04-08 12:50:02,476: Login: INFO Login Test Passed
2025-04-08 12:50:02,476: Login: ERROR LoginPageTitle Test Failed
2025-04-08 12:50:02,565: Login: INFO ******* Ending Login Page Title Test **********
2025-04-08 12:50:05,791: Login: INFO ************* Providing Username**********
2025-04-08 12:50:05,948: Login: INFO ************* Providing Password**********
2025-04-08 12:50:07,842: Login: INFO ************* Getting Title =Login: Mercury Tours
2025-04-08 12:50:07,843: Login: INFO Login Test Passed
2025-04-08 12:50:08,144: Login: INFO ******* Ending Login Page Title Test **********
2025-04-08 12:50:08,165: Login: INFO ************* Test_003 verifying Login title**********
2025-04-08 13:21:04,020: Login: INFO ************* Test_002 verifying home title**********
2025-04-08 13:21:04,135: Login: INFO ************* Test_001 verifying home title**********
2025-04-08 13:21:06,199: Login: INFO ************* Getting Title =Welcome: Mercury Tours
2025-04-08 13:21:06,466: Login: INFO HomePageTitle Test Passed
2025-04-08 13:21:06,466: Login: ERROR HomePageTitle Test Failed
2025-04-08 13:21:06,572: Login: INFO ******* Ending Home Page Title Test **********
2025-04-08 13:21:08,134: Login: INFO ************* Test_003 verifying Login title**********
2025-04-08 13:21:08,189: Login: INFO ************* Providing Username**********
2025-04-08 13:21:08,336: Login: INFO ************* Providing Password**********
2025-04-08 13:21:09,756: Login: INFO ************* Getting Title =Login: Mercury Tours
2025-04-08 13:21:09,907: Login: INFO Login Test Passed
2025-04-08 13:21:09,907: Login: ERROR LoginPageTitle Test Failed
2025-04-08 13:21:10,029: Login: INFO ******* Ending Login Page Title Test **********
2025-04-08 13:21:11,586: Login: INFO ************* Providing Username**********
2025-04-08 13:21:11,695: Login: INFO ************* Providing Password**********
2025-04-08 13:21:12,448: Login: INFO ************* Getting Title =Login: Mercury Tours
2025-04-08 13:21:12,448: Login: INFO Login Test Passed
2025-04-08 13:21:12,702: Login: INFO ******* Ending Login Page Title Test **********
2025-04-08 13:21:12,719: Login: INFO ************* Test_003 verifying Login title**********
2025-04-08 13:32:02,651: Login: INFO ************* Test_001 verifying home title**********
2025-04-08 13:32:02,716: Login: INFO ************* Test_002 verifying home title**********
2025-04-08 13:32:05,524: Login: INFO ************* Getting Title =Welcome: Mercury Tours
2025-04-08 13:32:05,677: Login: INFO HomePageTitle Test Passed
2025-04-08 13:32:05,677: Login: ERROR HomePageTitle Test Failed
2025-04-08 13:32:05,764: Login: INFO ******* Ending Home Page Title Test **********
2025-04-08 13:32:07,122: Login: INFO ************* Test_003 verifying Login title**********
2025-04-08 13:32:07,406: Login: INFO ************* Providing Username**********
2025-04-08 13:32:07,550: Login: INFO ************* Providing Password**********
2025-04-08 13:32:08,981: Login: INFO ************* Getting Title =Login: Mercury Tours
2025-04-08 13:32:09,140: Login: INFO Login Test Passed
2025-04-08 13:32:09,140: Login: ERROR LoginPageTitle Test Failed
2025-04-08 13:32:09,248: Login: INFO ******* Ending Login Page Title Test **********
2025-04-08 13:32:10,497: Login: INFO ************* Providing Username**********
2025-04-08 13:32:10,622: Login: INFO ************* Providing Password**********
2025-04-08 13:32:11,785: Login: INFO ************* Getting Title =Login: Mercury Tours
2025-04-08 13:32:11,786: Login: INFO Login Test Passed
2025-04-08 13:32:11,944: Login: INFO ************* Test_003 verifying Login title**********
2025-04-08 13:32:14,343: Login: INFO ************* Providing Username**********
2025-04-08 13:32:14,479: Login: INFO ************* Providing Password**********
2025-04-08 13:32:14,602: Login: INFO ************* Getting Title =Welcome: Mercury Tours
2025-04-08 13:32:14,603: Login: INFO Login Test Failed
2025-04-08 13:32:14,748: Login: INFO ************* Test_003 verifying Login title**********
2025-04-08 13:32:17,130: Login: INFO ************* Providing Username**********
2025-04-08 13:32:17,215: Login: INFO ************* Providing Password**********
2025-04-08 13:32:17,390: Login: INFO ************* Getting Title =Welcome: Mercury Tours
2025-04-08 13:32:17,390: Login: INFO Login Test Failed
2025-04-08 13:32:17,710: Login: INFO ******* Ending Login Page Title Test **********
2025-04-08 13:32:35,065: Login: INFO ************* Test_002 verifying home title**********
2025-04-08 13:32:35,244: Login: INFO ************* Test_001 verifying home title**********
2025-04-08 13:32:36,860: Login: INFO ************* Getting Title =Welcome: Mercury Tours
2025-04-08 13:32:37,028: Login: INFO HomePageTitle Test Passed
2025-04-08 13:32:37,029: Login: ERROR HomePageTitle Test Failed
2025-04-08 13:32:37,127: Login: INFO ******* Ending Home Page Title Test **********
2025-04-08 13:32:38,459: Login: INFO ************* Test_003 verifying Login title**********
2025-04-08 13:32:38,617: Login: INFO ************* Providing Username**********
2025-04-08 13:32:38,731: Login: INFO ************* Providing Password**********
2025-04-08 13:32:39,849: Login: INFO ************* Getting Title =Login: Mercury Tours
2025-04-08 13:32:39,990: Login: INFO Login Test Passed
2025-04-08 13:32:39,990: Login: ERROR LoginPageTitle Test Failed
2025-04-08 13:32:40,115: Login: INFO ******* Ending Login Page Title Test **********
2025-04-08 13:32:41,701: Login: INFO ************* Providing Username**********
2025-04-08 13:32:41,852: Login: INFO ************* Providing Password**********
2025-04-08 13:32:42,013: Login: INFO ************* Getting Title =Welcome: Mercury Tours
2025-04-08 13:32:42,013: Login: ERROR Login Test Passed
2025-04-08 13:32:42,855: Login: INFO ************* Test_003 verifying Login title**********
2025-04-08 13:32:45,289: Login: INFO ************* Providing Username**********
2025-04-08 13:32:45,368: Login: INFO ************* Providing Password**********
2025-04-08 13:32:45,471: Login: INFO ************* Getting Title =Welcome: Mercury Tours
2025-04-08 13:32:45,471: Login: INFO Login Test Failed
2025-04-08 13:32:45,598: Login: INFO ************* Test_003 verifying Login title**********
2025-04-08 13:32:47,969: Login: INFO ************* Providing Username**********
2025-04-08 13:32:48,078: Login: INFO ************* Providing Password**********
2025-04-08 13:32:49,008: Login: INFO ************* Getting Title =Welcome: Mercury Tours
2025-04-08 13:32:49,008: Login: INFO Login Test Failed
2025-04-08 13:32:49,339: Login: INFO ******* Ending Login Page Title Test **********
2025-04-08 13:34:08,076: Login: INFO ************* Test_001 verifying home title**********
2025-04-08 13:34:08,198: Login: INFO ************* Test_002 verifying home title**********
2025-04-08 13:34:09,607: Login: INFO ************* Getting Title =Welcome: Mercury Tours
2025-04-08 13:34:09,811: Login: INFO HomePageTitle Test Passed
2025-04-08 13:34:09,811: Login: ERROR HomePageTitle Test Failed
2025-04-08 13:34:09,938: Login: INFO ******* Ending Home Page Title Test **********
2025-04-08 13:34:11,390: Login: INFO ************* Test_003 verifying Login title**********
2025-04-08 13:34:12,107: Login: INFO ************* Providing Username**********
2025-04-08 13:34:12,230: Login: INFO ************* Providing Password**********
2025-04-08 13:34:13,769: Login: INFO ************* Getting Title =Login: Mercury Tours
2025-04-08 13:34:13,917: Login: INFO Login Test Passed
2025-04-08 13:34:13,917: Login: ERROR LoginPageTitle Test Failed
2025-04-08 13:34:14,014: Login: INFO ******* Ending Login Page Title Test **********
2025-04-08 13:34:14,783: Login: INFO ************* Providing Username**********
2025-04-08 13:34:14,896: Login: INFO ************* Providing Password**********
2025-04-08 13:34:16,010: Login: INFO ************* Getting Title =Welcome: Mercury Tours
2025-04-08 13:34:16,010: Login: ERROR Login Test Passed
2025-04-08 13:34:16,157: Login: INFO ************* Test_003 verifying Login title**********
2025-04-08 13:34:18,559: Login: INFO ************* Providing Username**********
2025-04-08 13:34:18,669: Login: INFO ************* Providing Password**********
2025-04-08 13:34:18,766: Login: INFO ************* Getting Title =Welcome: Mercury Tours
2025-04-08 13:34:18,766: Login: INFO Login Test Failed
2025-04-08 13:34:18,930: Login: INFO ************* Test_003 verifying Login title**********
2025-04-08 13:34:21,648: Login: INFO ************* Providing Username**********
2025-04-08 13:34:21,750: Login: INFO ************* Providing Password**********
2025-04-08 13:34:21,906: Login: INFO ************* Getting Title =Welcome: Mercury Tours
2025-04-08 13:34:21,906: Login: INFO Login Test Failed
2025-04-08 13:34:22,147: Login: INFO ******* Ending Login Page Title Test **********
2025-04-08 13:45:57,374: Login: INFO ************* Test_001 verifying home title**********
2025-04-08 13:45:57,553: Login: INFO ************* Test_002 verifying home title**********
2025-04-08 13:45:59,265: Login: INFO ************* Getting Title =Welcome: Mercury Tours
2025-04-08 13:45:59,580: Login: INFO HomePageTitle Test Passed
2025-04-08 13:45:59,580: Login: ERROR HomePageTitle Test Failed
2025-04-08 13:46:00,271: Login: INFO ******* Ending Home Page Title Test **********
2025-04-08 13:46:02,038: Login: INFO ************* Providing Username**********
2025-04-08 13:46:02,537: Login: INFO ************* Test_003 verifying Login title**********
2025-04-08 13:46:02,868: Login: INFO ************* Providing Password**********
2025-04-08 13:46:06,279: Login: INFO ************* Getting Title =Login: Mercury Tours
2025-04-08 13:46:06,444: Login: INFO Login Test Passed
2025-04-08 13:46:06,444: Login: ERROR LoginPageTitle Test Failed
2025-04-08 13:46:06,598: Login: INFO ******* Ending Login Page Title Test **********
2025-04-08 13:46:07,085: Login: INFO ************* Providing Username**********
2025-04-08 13:46:07,217: Login: INFO ************* Providing Password**********
2025-04-08 13:46:08,179: Login: INFO ************* Getting Title =Login: Mercury Tours
2025-04-08 13:46:08,179: Login: INFO Login Test Passed
2025-04-08 13:46:08,343: Login: INFO Login is success
2025-04-08 13:46:08,361: Login: INFO ************* Test_003 verifying Login title**********
2025-04-08 13:46:10,994: Login: INFO ************* Providing Username**********
2025-04-08 13:46:11,086: Login: INFO ************* Providing Password**********
2025-04-08 13:46:12,120: Login: INFO ************* Getting Title =Welcome: Mercury Tours
2025-04-08 13:46:12,121: Login: ERROR Login Test Passed
2025-04-08 13:46:12,299: Login: INFO Login is success
2025-04-08 13:46:12,315: Login: INFO ************* Test_003 verifying Login title**********
2025-04-08 13:46:15,928: Login: INFO ************* Providing Username**********
2025-04-08 13:46:16,022: Login: INFO ************* Providing Password**********
2025-04-08 13:46:17,087: Login: INFO ************* Getting Title =Welcome: Mercury Tours
2025-04-08 13:46:17,088: Login: INFO Login Test Failed
2025-04-08 13:46:17,241: Login: INFO Login is Failed
2025-04-08 13:52:08,239: Login: INFO ************* Test_002 verifying home title**********
2025-04-08 13:52:08,479: Login: INFO ************* Test_001 verifying home title**********
2025-04-08 13:52:10,835: Login: INFO ************* Getting Title =Welcome: Mercury Tours
2025-04-08 13:52:11,048: Login: INFO HomePageTitle Test Passed
2025-04-08 13:52:11,048: Login: ERROR HomePageTitle Test Failed
2025-04-08 13:52:11,189: Login: INFO ******* Ending Home Page Title Test **********
2025-04-08 13:52:11,979: Login: INFO ************* Providing Username**********
2025-04-08 13:52:12,162: Login: INFO ************* Providing Password**********
2025-04-08 13:52:12,635: Login: INFO ************* Test_003 verifying Login title**********
2025-04-08 13:52:13,996: Login: INFO ************* Getting Title =Login: Mercury Tours
2025-04-08 13:52:14,168: Login: INFO Login Test Passed
2025-04-08 13:52:14,169: Login: ERROR LoginPageTitle Test Failed
2025-04-08 13:52:14,295: Login: INFO ******* Ending Login Page Title Test **********
2025-04-08 13:52:16,045: Login: INFO ************* Providing Username**********
2025-04-08 13:52:16,153: Login: INFO ************* Providing Password**********
2025-04-08 13:52:17,237: Login: INFO ************* Getting Title =Welcome: Mercury Tours
2025-04-08 13:52:17,237: Login: ERROR Login Test Passed
2025-04-08 13:52:17,380: Login: INFO Login is Failed
2025-04-08 13:53:58,596: Login: INFO ************* Test_001 verifying home title**********
2025-04-08 13:53:59,051: Login: INFO ************* Test_002 verifying home title**********
2025-04-08 13:54:02,925: Login: INFO ************* Getting Title =Welcome: Mercury Tours
2025-04-08 13:54:03,519: Login: INFO HomePageTitle Test Passed
2025-04-08 13:54:03,519: Login: ERROR HomePageTitle Test Failed
2025-04-08 13:54:04,205: Login: INFO ******* Ending Home Page Title Test **********
2025-04-08 13:54:05,240: Login: INFO ************* Providing Username**********
2025-04-08 13:54:05,604: Login: INFO ************* Providing Password**********
2025-04-08 13:54:06,883: Login: INFO ************* Test_003 verifying Login title**********
2025-04-08 13:54:09,218: Login: INFO ************* Getting Title =Login: Mercury Tours
2025-04-08 13:54:10,156: Login: INFO Login Test Passed
2025-04-08 13:54:10,157: Login: ERROR LoginPageTitle Test Failed
2025-04-08 13:54:11,213: Login: INFO ******* Ending Login Page Title Test **********
2025-04-08 13:54:11,737: Login: INFO ************* Providing Username**********
2025-04-08 13:54:11,986: Login: INFO ************* Providing Password**********
2025-04-08 13:54:13,254: Login: INFO ************* Getting Title =Login: Mercury Tours
2025-04-08 13:54:13,254: Login: INFO Login Test Passed
2025-04-08 13:54:13,478: Login: INFO Login is success
2025-04-08 13:54:13,505: Login: INFO ************* Test_003 verifying Login title**********
2025-04-08 13:54:16,150: Login: INFO ************* Providing Username**********
2025-04-08 13:54:16,263: Login: INFO ************* Providing Password**********
2025-04-08 13:54:17,490: Login: INFO ************* Getting Title =Welcome: Mercury Tours
2025-04-08 13:54:17,490: Login: ERROR Login Test Passed
2025-04-08 13:54:17,725: Login: INFO Login is Failed
2025-04-08 14:54:50,992: Login: INFO ************* Test_001 verifying home title**********
2025-04-08 14:54:51,191: Login: INFO ************* Test_002 verifying home title**********
2025-04-08 14:54:52,476: Login: INFO ************* Getting Title =Welcome: Mercury Tours
2025-04-08 14:54:52,673: Login: INFO HomePageTitle Test Passed
2025-04-08 14:54:52,673: Login: ERROR HomePageTitle Test Failed
2025-04-08 14:54:52,806: Login: INFO ******* Ending Home Page Title Test **********
2025-04-08 14:54:54,190: Login: INFO ************* Test_003 verifying Login title**********
2025-04-08 14:54:54,779: Login: INFO ************* Providing Username**********
2025-04-08 14:54:54,902: Login: INFO ************* Providing Password**********
2025-04-08 14:54:56,319: Login: INFO ************* Getting Title =Login: Mercury Tours
2025-04-08 14:54:56,518: Login: INFO Login Test Passed
2025-04-08 14:54:56,518: Login: ERROR LoginPageTitle Test Failed
2025-04-08 14:54:56,618: Login: INFO ******* Ending Login Page Title Test **********
2025-04-08 14:54:58,803: Login: INFO ************* Providing Username**********
2025-04-08 14:54:58,909: Login: INFO ************* Providing Password**********
2025-04-08 14:55:00,216: Login: INFO ************* Getting Title =Login: Mercury Tours
2025-04-08 14:55:00,217: Login: INFO Login Test Passed
2025-04-08 14:55:00,352: Login: INFO Login is success
2025-04-08 14:55:00,365: Login: INFO ************* Test_003 verifying Login title**********
2025-04-08 14:55:02,866: Login: INFO ************* Providing Username**********
2025-04-08 14:55:02,964: Login: INFO ************* Providing Password**********
2025-04-08 14:55:03,134: Login: INFO ************* Getting Title =Welcome: Mercury Tours
2025-04-08 14:55:03,134: Login: INFO Login Test Failed
2025-04-08 14:55:05,657: Login: INFO Login is success
2025-04-08 14:55:05,675: Login: INFO ************* Test_003 verifying Login title**********
2025-04-08 14:55:08,082: Login: INFO ************* Providing Username**********
2025-04-08 14:55:08,199: Login: INFO ************* Providing Password**********
2025-04-08 14:55:09,408: Login: INFO ************* Getting Title =Welcome: Mercury Tours
2025-04-08 14:55:09,408: Login: INFO Login Test Failed
2025-04-08 14:55:09,770: Login: INFO Login is success
2025-04-08 15:12:30,669: Login: INFO ************* Test_001 verifying home title**********
2025-04-08 15:12:32,083: Login: INFO ************* Getting Title =Welcome: Mercury Tours
2025-04-08 15:12:32,228: Login: INFO HomePageTitle Test Passed
2025-04-08 15:12:32,228: Login: ERROR HomePageTitle Test Failed
2025-04-08 15:12:32,415: Login: INFO ******* Ending Home Page Title Test **********
2025-04-08 15:32:47,312: Login: INFO ************* Test_001 verifying home title**********
2025-04-08 15:32:48,790: Login: INFO ************* Getting Title =Welcome: Mercury Tours
2025-04-08 15:32:48,981: Login: INFO HomePageTitle Test Passed
2025-04-08 15:32:48,981: Login: ERROR HomePageTitle Test Failed
2025-04-08 15:32:49,129: Login: INFO ******* Ending Home Page Title Test **********
2025-04-08 15:33:30,130: Login: INFO ************* Test_003 verifying Login title**********
2025-04-08 15:33:34,223: Login: INFO ************* Providing Username**********
2025-04-08 15:33:34,362: Login: INFO ************* Providing Password**********
2025-04-08 15:33:35,638: Login: INFO ************* Getting Title =Login: Mercury Tours
2025-04-08 15:33:35,638: Login: INFO Login Test Passed
2025-04-08 15:33:35,770: Login: INFO Login is success
2025-04-08 15:33:35,787: Login: INFO ************* Test_003 verifying Login title**********
2025-04-08 15:33:38,435: Login: INFO ************* Providing Username**********
2025-04-08 15:33:38,530: Login: INFO ************* Providing Password**********
2025-04-08 15:33:38,701: Login: INFO ************* Getting Title =Welcome: Mercury Tours
2025-04-08 15:33:38,701: Login: INFO Login Test Failed
2025-04-08 15:33:39,381: Login: INFO Login is success
2025-04-08 15:33:39,393: Login: INFO ************* Test_003 verifying Login title**********
2025-04-08 15:33:41,758: Login: INFO ************* Providing Username**********
2025-04-08 15:33:41,881: Login: INFO ************* Providing Password**********
2025-04-08 15:33:42,899: Login: INFO ************* Getting Title =Welcome: Mercury Tours
2025-04-08 15:33:42,900: Login: INFO Login Test Failed
2025-04-08 15:33:43,049: Login: INFO Login is success
2025-04-08 15:36:19,343: Login: INFO ************* Test_001 verifying home title**********
2025-04-08 15:36:20,863: Login: INFO ************* Getting Title =Welcome: Mercury Tours
2025-04-08 15:36:21,084: Login: INFO HomePageTitle Test Passed
2025-04-08 15:36:21,085: Login: ERROR HomePageTitle Test Failed
2025-04-08 15:36:21,220: Login: INFO ******* Ending Home Page Title Test **********
2025-04-08 15:46:52,384: Login: INFO ************* Test_001 verifying home title**********
2025-04-08 15:46:53,734: Login: INFO ************* Getting Title =Welcome: Mercury Tours
2025-04-08 15:46:53,934: Login: INFO HomePageTitle Test Passed
2025-04-08 15:46:53,934: Login: ERROR HomePageTitle Test Failed
2025-04-08 15:46:54,078: Login: INFO ******* Ending Home Page Title Test **********
2025-04-08 15:46:55,561: Login: INFO ************* Test_002 verifying home title**********
2025-04-08 15:46:59,244: Login: INFO ************* Providing Username**********
2025-04-08 15:46:59,376: Login: INFO ************* Providing Password**********
2025-04-08 15:47:00,765: Login: INFO ************* Getting Title =Login: Mercury Tours
2025-04-08 15:47:00,902: Login: INFO Login Test Passed
2025-04-08 15:47:00,902: Login: ERROR LoginPageTitle Test Failed
2025-04-08 15:47:01,078: Login: INFO ******* Ending Login Page Title Test **********
